app/build/intermediates/manifest_merge_blame_file/debug/manifest-merger-blame-debug-report.txt
1<?xml version="1.0" encoding="utf-8"?>
2<manifest xmlns:android="http://schemas.android.com/apk/res/android"
3    package="uni.UNIA9EA88E"
4    android:versionCode="1"
5    android:versionName="1.0" >
6
7    <uses-sdk
8        android:minSdkVersion="21"
8-->src\main\AndroidManifest.xml
9        android:targetSdkVersion="28" />
9-->src\main\AndroidManifest.xml
10
11    <supports-screens
11-->src\main\AndroidManifest.xml:6:5-11:39
12        android:anyDensity="true"
12-->src\main\AndroidManifest.xml:7:9-34
13        android:largeScreens="true"
13-->src\main\AndroidManifest.xml:8:9-36
14        android:normalScreens="true"
14-->src\main\AndroidManifest.xml:9:9-37
15        android:resizeable="true"
15-->src\main\AndroidManifest.xml:10:9-34
16        android:smallScreens="true" />
16-->src\main\AndroidManifest.xml:11:9-36
17
18    <!-- Barcode(二维码)  begin -->
19    <uses-permission android:name="android.permission.CAMERA" />
19-->src\main\AndroidManifest.xml:14:5-65
19-->src\main\AndroidManifest.xml:14:22-62
20    <uses-permission android:name="android.permission.WRITE_EXTERNAL_STORAGE" />
20-->src\main\AndroidManifest.xml:15:5-81
20-->src\main\AndroidManifest.xml:15:22-78
21
22    <uses-feature android:name="android.hardware.camera" />
22-->src\main\AndroidManifest.xml:17:5-60
22-->src\main\AndroidManifest.xml:17:19-57
23    <uses-feature android:name="android.hardware.camera.autofocus" />
23-->src\main\AndroidManifest.xml:18:5-70
23-->src\main\AndroidManifest.xml:18:19-67
24
25    <uses-permission android:name="android.permission.VIBRATE" />
25-->src\main\AndroidManifest.xml:20:5-66
25-->src\main\AndroidManifest.xml:20:22-63
26    <uses-permission android:name="android.permission.FLASHLIGHT" />
26-->src\main\AndroidManifest.xml:21:5-69
26-->src\main\AndroidManifest.xml:21:22-66
27    <uses-permission android:name="android.permission.INTERNET" />
27-->[lib.5plus.base-release.aar] AndroidManifest.xml:15:5-67
27-->[lib.5plus.base-release.aar] AndroidManifest.xml:15:22-64
28    <uses-permission android:name="android.permission.ACCESS_NETWORK_STATE" />
28-->[lib.5plus.base-release.aar] AndroidManifest.xml:16:5-79
28-->[lib.5plus.base-release.aar] AndroidManifest.xml:16:22-76
29    <!--
30    <uses-permission
31        android:name="com.android.launcher.permission.UNINSTALL_SHORTCUT" />
32    -->
33    <!-- 华为修改角标需要设置权限 -->
34    <uses-permission android:name="com.huawei.android.launcher.permission.CHANGE_BADGE" /> <!-- vivo 修改角标需要设置权限 -->
34-->[lib.5plus.base-release.aar] AndroidManifest.xml:22:5-91
34-->[lib.5plus.base-release.aar] AndroidManifest.xml:22:22-88
35    <uses-permission android:name="com.vivo.notification.permission.BADGE_ICON" />
35-->[lib.5plus.base-release.aar] AndroidManifest.xml:24:5-83
35-->[lib.5plus.base-release.aar] AndroidManifest.xml:24:22-80
36
37    <queries>
37-->[lib.5plus.base-release.aar] AndroidManifest.xml:26:5-35:15
38        <intent>
38-->[lib.5plus.base-release.aar] AndroidManifest.xml:27:9-29:18
39            <action android:name="android.intent.action.MAIN" />
39-->src\main\AndroidManifest.xml:52:17-68
39-->src\main\AndroidManifest.xml:52:25-66
40        </intent>
41        <intent>
41-->[lib.5plus.base-release.aar] AndroidManifest.xml:30:9-34:18
42            <action android:name="android.intent.action.VIEW" />
42-->src\main\AndroidManifest.xml:41:17-68
42-->src\main\AndroidManifest.xml:41:25-66
43
44            <category android:name="android.intent.category.DEFAULT" />
44-->src\main\AndroidManifest.xml:43:17-75
44-->src\main\AndroidManifest.xml:43:27-73
45        </intent>
46    </queries>
47
48    <uses-permission android:name="android.permission.READ_EXTERNAL_STORAGE" />
49    <uses-permission android:name="com.asus.msa.SupplementaryDID.ACCESS" />
49-->[oaid_sdk_1.0.25.aar] AndroidManifest.xml:13:5-76
49-->[oaid_sdk_1.0.25.aar] AndroidManifest.xml:13:22-73
50    <uses-permission android:name="freemme.permission.msa" /> <!-- Barcode(二维码)  end -->
50-->[oaid_sdk_1.0.25.aar] AndroidManifest.xml:15:5-62
50-->[oaid_sdk_1.0.25.aar] AndroidManifest.xml:15:22-59
51    <application
51-->src\main\AndroidManifest.xml:24:5-87:19
52        android:name="io.dcloud.application.DCloudApplication"
52-->src\main\AndroidManifest.xml:25:9-63
53        android:allowClearUserData="true"
53-->src\main\AndroidManifest.xml:26:9-42
54        android:appComponentFactory="androidx.core.app.CoreComponentFactory"
54-->[androidx.core:core:1.1.0] AndroidManifest.xml:24:18-86
55        android:debuggable="true"
56        android:extractNativeLibs="true"
56-->[uniapp-v8-release.aar] AndroidManifest.xml:29:18-50
57        android:icon="@drawable/icon"
57-->src\main\AndroidManifest.xml:27:9-38
58        android:label="@string/app_name"
58-->src\main\AndroidManifest.xml:28:9-41
59        android:largeHeap="true"
59-->src\main\AndroidManifest.xml:29:9-33
60        android:supportsRtl="true"
60-->src\main\AndroidManifest.xml:30:9-35
61        android:usesCleartextTraffic="true" >
61-->[lib.5plus.base-release.aar] AndroidManifest.xml:170:9-44
62
63        <!-- 应用入口 -->
64        <activity
64-->src\main\AndroidManifest.xml:33:9-55:20
65            android:name="io.dcloud.PandoraEntry"
65-->src\main\AndroidManifest.xml:34:13-50
66            android:configChanges="orientation|keyboardHidden|screenSize|mcc|mnc|fontScale"
66-->src\main\AndroidManifest.xml:36:13-92
67            android:hardwareAccelerated="true"
67-->src\main\AndroidManifest.xml:37:13-47
68            android:theme="@style/TranslucentTheme"
68-->src\main\AndroidManifest.xml:35:13-52
69            android:windowSoftInputMode="adjustResize" >
69-->src\main\AndroidManifest.xml:38:13-55
70            <intent-filter>
70-->src\main\AndroidManifest.xml:39:13-45:29
71                <data android:scheme="hbuilder" />
71-->src\main\AndroidManifest.xml:40:17-50
71-->src\main\AndroidManifest.xml:40:23-48
72
73                <action android:name="android.intent.action.VIEW" />
73-->src\main\AndroidManifest.xml:41:17-68
73-->src\main\AndroidManifest.xml:41:25-66
74
75                <category android:name="android.intent.category.DEFAULT" />
75-->src\main\AndroidManifest.xml:43:17-75
75-->src\main\AndroidManifest.xml:43:27-73
76                <category android:name="android.intent.category.BROWSABLE" />
76-->src\main\AndroidManifest.xml:44:17-77
76-->src\main\AndroidManifest.xml:44:27-75
77            </intent-filter>
78            <intent-filter>
78-->src\main\AndroidManifest.xml:46:13-50:29
79                <data android:mimeType="image/*" />
79-->src\main\AndroidManifest.xml:40:17-50
79-->src\main\AndroidManifest.xml:47:23-49
80
81                <action android:name="android.intent.action.SEND" />
81-->src\main\AndroidManifest.xml:48:17-68
81-->src\main\AndroidManifest.xml:48:25-66
82
83                <category android:name="android.intent.category.DEFAULT" />
83-->src\main\AndroidManifest.xml:43:17-75
83-->src\main\AndroidManifest.xml:43:27-73
84            </intent-filter>
85            <intent-filter>
85-->src\main\AndroidManifest.xml:51:13-54:29
86                <action android:name="android.intent.action.MAIN" />
86-->src\main\AndroidManifest.xml:52:17-68
86-->src\main\AndroidManifest.xml:52:25-66
87
88                <category android:name="android.intent.category.LAUNCHER" />
88-->src\main\AndroidManifest.xml:53:17-76
88-->src\main\AndroidManifest.xml:53:27-74
89            </intent-filter>
90        </activity>
91
92        <meta-data
92-->src\main\AndroidManifest.xml:56:9-57:35
93            android:name="dcloud_uninview_background"
93-->src\main\AndroidManifest.xml:56:20-61
94            android:value="true" />
94-->src\main\AndroidManifest.xml:57:13-33
95
96        <activity
96-->src\main\AndroidManifest.xml:59:9-83:20
97            android:name="io.dcloud.PandoraEntryActivity"
97-->src\main\AndroidManifest.xml:60:13-58
98            android:configChanges="orientation|keyboardHidden|screenSize|mcc|mnc|fontScale|keyboard|smallestScreenSize|screenLayout|screenSize|uiMode"
98-->src\main\AndroidManifest.xml:62:13-151
99            android:hardwareAccelerated="true"
99-->src\main\AndroidManifest.xml:63:13-47
100            android:launchMode="singleTask"
100-->src\main\AndroidManifest.xml:61:13-44
101            android:permission="com.miui.securitycenter.permission.AppPermissionsEditor"
101-->src\main\AndroidManifest.xml:64:13-89
102            android:screenOrientation="user"
102-->src\main\AndroidManifest.xml:65:13-45
103            android:theme="@style/DCloudTheme"
103-->src\main\AndroidManifest.xml:66:13-47
104            android:windowSoftInputMode="adjustResize" >
104-->src\main\AndroidManifest.xml:67:13-55
105            <intent-filter>
105-->src\main\AndroidManifest.xml:69:13-82:29
106                <category android:name="android.intent.category.DEFAULT" />
106-->src\main\AndroidManifest.xml:43:17-75
106-->src\main\AndroidManifest.xml:43:27-73
107                <category android:name="android.intent.category.BROWSABLE" />
107-->src\main\AndroidManifest.xml:44:17-77
107-->src\main\AndroidManifest.xml:44:27-75
108
109                <action android:name="android.intent.action.VIEW" />
109-->src\main\AndroidManifest.xml:41:17-68
109-->src\main\AndroidManifest.xml:41:25-66
110
111                <data android:scheme=" " />
111-->src\main\AndroidManifest.xml:40:17-50
111-->src\main\AndroidManifest.xml:40:23-48
112            </intent-filter>
113        </activity>
114
115        <meta-data
115-->src\main\AndroidManifest.xml:84:9-86:64
116            android:name="dcloud_appkey"
116-->src\main\AndroidManifest.xml:85:13-41
117            android:value="4c3becfa9552a0cf52b790c9bc5f153d" />
117-->src\main\AndroidManifest.xml:86:13-61
118        <!--
119        <activity
120            android:name="io.dcloud.imagepick.CustomGalleryActivity"
121            android:noHistory="true"
122            android:exported="false"/>
123        -->
124        <activity
124-->[lib.5plus.base-release.aar] AndroidManifest.xml:179:9-185:58
125            android:name="io.dcloud.feature.nativeObj.photoview.PhotoActivity"
125-->[lib.5plus.base-release.aar] AndroidManifest.xml:180:13-79
126            android:configChanges="orientation|keyboardHidden"
126-->[lib.5plus.base-release.aar] AndroidManifest.xml:181:13-63
127            android:exported="false"
127-->[lib.5plus.base-release.aar] AndroidManifest.xml:182:13-37
128            android:noHistory="false"
128-->[lib.5plus.base-release.aar] AndroidManifest.xml:183:13-38
129            android:screenOrientation="behind"
129-->[lib.5plus.base-release.aar] AndroidManifest.xml:184:13-47
130            android:theme="@style/DeviceDefault.Light" />
130-->[lib.5plus.base-release.aar] AndroidManifest.xml:185:13-55
131        <activity
131-->[lib.5plus.base-release.aar] AndroidManifest.xml:186:9-195:58
132            android:name="io.dcloud.WebAppActivity"
132-->[lib.5plus.base-release.aar] AndroidManifest.xml:187:13-52
133            android:configChanges="orientation|keyboard|keyboardHidden|smallestScreenSize|screenLayout|screenSize|mcc|mnc|fontScale|navigation"
133-->[lib.5plus.base-release.aar] AndroidManifest.xml:188:13-144
134            android:hardwareAccelerated="true"
134-->[lib.5plus.base-release.aar] AndroidManifest.xml:189:13-47
135            android:icon="@drawable/dcloud_recent"
135-->[lib.5plus.base-release.aar] AndroidManifest.xml:190:13-51
136            android:label="@string/stream_my"
136-->[lib.5plus.base-release.aar] AndroidManifest.xml:191:13-46
137            android:launchMode="singleTask"
137-->[lib.5plus.base-release.aar] AndroidManifest.xml:192:13-44
138            android:screenOrientation="portrait"
138-->[lib.5plus.base-release.aar] AndroidManifest.xml:193:13-49
139            android:theme="@style/DCloudTheme"
139-->[lib.5plus.base-release.aar] AndroidManifest.xml:194:13-47
140            android:windowSoftInputMode="adjustResize" />
140-->[lib.5plus.base-release.aar] AndroidManifest.xml:195:13-55
141        <activity
141-->[lib.5plus.base-release.aar] AndroidManifest.xml:196:9-200:75
142            android:name="io.dcloud.ProcessMediator"
142-->[lib.5plus.base-release.aar] AndroidManifest.xml:197:13-53
143            android:excludeFromRecents="true"
143-->[lib.5plus.base-release.aar] AndroidManifest.xml:198:13-46
144            android:exported="false"
144-->[lib.5plus.base-release.aar] AndroidManifest.xml:199:13-37
145            android:theme="@android:style/Theme.Translucent.NoTitleBar" />
145-->[lib.5plus.base-release.aar] AndroidManifest.xml:200:13-72
146        <activity
146-->[lib.5plus.base-release.aar] AndroidManifest.xml:201:9-207:20
147            android:name="io.dcloud.WebviewActivity"
147-->[lib.5plus.base-release.aar] AndroidManifest.xml:202:13-53
148            android:exported="false"
148-->[lib.5plus.base-release.aar] AndroidManifest.xml:203:13-37
149            android:screenOrientation="portrait"
149-->[lib.5plus.base-release.aar] AndroidManifest.xml:204:13-49
150            android:theme="@style/ThemeNoTitleBar"
150-->[lib.5plus.base-release.aar] AndroidManifest.xml:205:13-51
151            android:windowSoftInputMode="adjustPan" >
151-->[lib.5plus.base-release.aar] AndroidManifest.xml:206:13-52
152        </activity> <!-- gallery******start -->
153        <activity
153-->[lib.5plus.base-release.aar] AndroidManifest.xml:210:9-215:63
154            android:name="com.dmcbig.mediapicker.PickerActivity"
154-->[lib.5plus.base-release.aar] AndroidManifest.xml:211:13-65
155            android:configChanges="orientation|screenSize"
155-->[lib.5plus.base-release.aar] AndroidManifest.xml:212:13-59
156            android:exported="false"
156-->[lib.5plus.base-release.aar] AndroidManifest.xml:213:13-37
157            android:theme="@style/DeviceDefault.Light"
157-->[lib.5plus.base-release.aar] AndroidManifest.xml:214:13-55
158            android:windowSoftInputMode="stateAlwaysHidden" />
158-->[lib.5plus.base-release.aar] AndroidManifest.xml:215:13-60
159        <activity
159-->[lib.5plus.base-release.aar] AndroidManifest.xml:216:9-221:63
160            android:name="com.dmcbig.mediapicker.PreviewActivity"
160-->[lib.5plus.base-release.aar] AndroidManifest.xml:217:13-66
161            android:configChanges="orientation|screenSize"
161-->[lib.5plus.base-release.aar] AndroidManifest.xml:218:13-59
162            android:exported="false"
162-->[lib.5plus.base-release.aar] AndroidManifest.xml:219:13-37
163            android:theme="@style/DeviceDefault.Light"
163-->[lib.5plus.base-release.aar] AndroidManifest.xml:220:13-55
164            android:windowSoftInputMode="stateAlwaysHidden" /> <!-- gallery******end -->
164-->[lib.5plus.base-release.aar] AndroidManifest.xml:221:13-60
165        <provider
165-->[lib.5plus.base-release.aar] AndroidManifest.xml:224:9-232:20
166            android:name="io.dcloud.common.util.DCloud_FileProvider"
166-->[lib.5plus.base-release.aar] AndroidManifest.xml:225:13-69
167            android:authorities="uni.UNIA9EA88E.dc.fileprovider"
167-->[lib.5plus.base-release.aar] AndroidManifest.xml:226:13-67
168            android:exported="false"
168-->[lib.5plus.base-release.aar] AndroidManifest.xml:227:13-37
169            android:grantUriPermissions="true" >
169-->[lib.5plus.base-release.aar] AndroidManifest.xml:228:13-47
170            <meta-data
170-->[lib.5plus.base-release.aar] AndroidManifest.xml:229:13-231:64
171                android:name="android.support.FILE_PROVIDER_PATHS"
171-->[lib.5plus.base-release.aar] AndroidManifest.xml:230:17-67
172                android:resource="@xml/dcloud_file_provider" />
172-->[lib.5plus.base-release.aar] AndroidManifest.xml:231:17-61
173        </provider>
174        <!--
175            <meta-data
176            android:name="DCLOUD_STREAMAPP_CHANNEL"
177            android:value="io.dcloud.%APPID%|%APPID%|" />
178        -->
179        <meta-data
179-->[lib.5plus.base-release.aar] AndroidManifest.xml:239:9-241:35
180            android:name="android.max_aspect"
180-->[lib.5plus.base-release.aar] AndroidManifest.xml:240:13-46
181            android:value="2.4" />
181-->[lib.5plus.base-release.aar] AndroidManifest.xml:241:13-32
182
183        <activity
183-->[lib.5plus.base-release.aar] AndroidManifest.xml:243:9-248:63
184            android:name="io.dcloud.feature.gallery.imageedit.IMGEditActivity"
184-->[lib.5plus.base-release.aar] AndroidManifest.xml:244:13-79
185            android:configChanges="orientation|keyboardHidden|screenSize"
185-->[lib.5plus.base-release.aar] AndroidManifest.xml:245:13-74
186            android:exported="false"
186-->[lib.5plus.base-release.aar] AndroidManifest.xml:246:13-37
187            android:theme="@style/ImageEditTheme"
187-->[lib.5plus.base-release.aar] AndroidManifest.xml:247:13-50
188            android:windowSoftInputMode="stateAlwaysHidden" /> <!-- 广告相关配置开始 -->
188-->[lib.5plus.base-release.aar] AndroidManifest.xml:248:13-60
189        <activity
189-->[lib.5plus.base-release.aar] AndroidManifest.xml:251:9-256:55
190            android:name="io.dcloud.sdk.activity.WebViewActivity"
190-->[lib.5plus.base-release.aar] AndroidManifest.xml:252:13-66
191            android:exported="false"
191-->[lib.5plus.base-release.aar] AndroidManifest.xml:253:13-37
192            android:screenOrientation="portrait"
192-->[lib.5plus.base-release.aar] AndroidManifest.xml:254:13-49
193            android:theme="@style/ThemeNoTitleBar"
193-->[lib.5plus.base-release.aar] AndroidManifest.xml:255:13-51
194            android:windowSoftInputMode="adjustPan" />
194-->[lib.5plus.base-release.aar] AndroidManifest.xml:256:13-52
195
196        <service
196-->[lib.5plus.base-release.aar] AndroidManifest.xml:258:9-261:72
197            android:name="io.dcloud.sdk.base.service.DownloadService"
197-->[lib.5plus.base-release.aar] AndroidManifest.xml:259:13-70
198            android:exported="false"
198-->[lib.5plus.base-release.aar] AndroidManifest.xml:260:13-37
199            android:permission="android.permission.BIND_JOB_SERVICE" />
199-->[lib.5plus.base-release.aar] AndroidManifest.xml:261:13-69
200
201        <provider
201-->[lib.5plus.base-release.aar] AndroidManifest.xml:263:9-271:20
202            android:name="io.dcloud.sdk.base.service.provider.DCloudAdFileProvider"
202-->[lib.5plus.base-release.aar] AndroidManifest.xml:264:13-84
203            android:authorities="uni.UNIA9EA88E.dc.fileprovider"
203-->[lib.5plus.base-release.aar] AndroidManifest.xml:265:13-67
204            android:exported="false"
204-->[lib.5plus.base-release.aar] AndroidManifest.xml:266:13-37
205            android:grantUriPermissions="true" >
205-->[lib.5plus.base-release.aar] AndroidManifest.xml:267:13-47
206            <meta-data
206-->[lib.5plus.base-release.aar] AndroidManifest.xml:229:13-231:64
207                android:name="android.support.FILE_PROVIDER_PATHS"
207-->[lib.5plus.base-release.aar] AndroidManifest.xml:230:17-67
208                android:resource="@xml/dcloud_gg_file_provider" />
208-->[lib.5plus.base-release.aar] AndroidManifest.xml:231:17-61
209        </provider>
210
211        <receiver
211-->[uniapp-v8-release.aar] AndroidManifest.xml:30:9-34:20
212            android:name="com.taobao.weex.WXGlobalEventReceiver"
212-->[uniapp-v8-release.aar] AndroidManifest.xml:31:13-65
213            android:enabled="true"
213-->[uniapp-v8-release.aar] AndroidManifest.xml:32:13-35
214            android:exported="false" >
214-->[uniapp-v8-release.aar] AndroidManifest.xml:33:13-37
215        </receiver>
216
217        <activity
217-->[:uniplugin_module] AndroidManifest.xml:12:9-14:84
218            android:name="io.dcloud.uniplugin.NativePageActivity"
218-->[:uniplugin_module] AndroidManifest.xml:13:13-66
219            android:theme="@android:style/Theme.DeviceDefault.Light.NoActionBar" />
219-->[:uniplugin_module] AndroidManifest.xml:14:13-81
220        <activity
220-->[:mylibrary] AndroidManifest.xml:12:9-14:84
221            android:name="com.example.mylibrary.testModule"
221-->[:mylibrary] AndroidManifest.xml:13:13-60
222            android:theme="@android:style/Theme.DeviceDefault.Light.NoActionBar" />
222-->[:mylibrary] AndroidManifest.xml:14:13-81
223    </application>
224
225</manifest>